<?xml version="1.0" encoding="UTF-8"?>
<!-- Generated by org.testng.reporters.JUnitReportReporter -->
<testsuite hostname="xwing" name="killer.Assassinate" tests="1" failures="0" timestamp="30 Dec 2018 02:48:25 GMT" time="6.421" errors="0">
  <testcase name="firstTest" time="6.421" classname="killer.Assassinate"/>
</testsuite> <!-- killer.Assassinate -->
