<?xml version="1.0" encoding="UTF-8"?>
<!-- Generated by org.testng.reporters.JUnitReportReporter -->
<testsuite hostname="xwing" name="killer.Assassinate" tests="1" failures="0" timestamp="2 Jan 2019 01:26:37 GMT" time="6.688" errors="0">
  <testcase name="firstTest" time="6.688" classname="killer.Assassinate"/>
</testsuite> <!-- killer.Assassinate -->
